# JRE version: Java(TM) SE Runtime Environment (18.0.2.1+1) (build 18.0.2.1+1-1)
# Java VM: Java HotSpot(TM) 64-Bit Server VM (18.0.2.1+1-1, mixed mode, sharing, tiered, compressed oops, compressed class ptrs, g1 gc, windows-amd64)
GC Precious Log:
 CardTable entry size: 512
 Card Set container configuration: InlinePtr #cards 5 size 8 Array Of Cards #cards 12 size 40 Howl #buckets 4 coarsen threshold 1843 Howl Bitmap #cards 512 size 80 coarsen threshold 460 Card regions per heap region 1 cards per card region 2048
 CPUs: 6 total, 6 available
 Memory: 8015M
 Large Page Support: Disabled
 NUMA Support: Disabled
 Compressed Oops: Enabled (32-bit)
 Heap Region Size: 1M
 Heap Min Capacity: 8M
 Heap Initial Capacity: 8M
 Heap Max Capacity: 2004M
 Pre-touch: Disabled
 Parallel Workers: 6
 Concurrent Workers: 2
 Concurrent Refinement Workers: 6
 Periodic GC: Disabled
Heap:
 garbage-first heap   total 10240K, used 4136K [0x0000000082c00000, 0x0000000100000000)
  region size 1024K, 1 young (1024K), 1 survivors (1024K)
 Metaspace       used 8275K, committed 8512K, reserved 1114112K
  class space    used 944K, committed 1088K, reserved 1048576K
GC Heap History (17 events):
Event: 0.175 GC heap before
{Heap before GC invocations=0 (full 0):
 garbage-first heap   total 8192K, used 3072K [0x0000000082c00000, 0x0000000100000000)
  region size 1024K, 3 young (3072K), 0 survivors (0K)
 Metaspace       used 2540K, committed 2752K, reserved 1114112K
  class space    used 304K, committed 384K, reserved 1048576K
}
Event: 0.178 GC heap after
{Heap after GC invocations=1 (full 0):
 garbage-first heap   total 8192K, used 1336K [0x0000000082c00000, 0x0000000100000000)
  region size 1024K, 1 young (1024K), 1 survivors (1024K)
 Metaspace       used 2540K, committed 2752K, reserved 1114112K
  class space    used 304K, committed 384K, reserved 1048576K
}
Event: 0.243 GC heap before
{Heap before GC invocations=1 (full 0):
 garbage-first heap   total 8192K, used 2360K [0x0000000082c00000, 0x0000000100000000)
  region size 1024K, 2 young (2048K), 1 survivors (1024K)
 Metaspace       used 4923K, committed 5120K, reserved 1114112K
  class space    used 597K, committed 704K, reserved 1048576K
}
Event: 0.245 GC heap after
{Heap after GC invocations=2 (full 0):
 garbage-first heap   total 8192K, used 2003K [0x0000000082c00000, 0x0000000100000000)
  region size 1024K, 1 young (1024K), 1 survivors (1024K)
 Metaspace       used 4923K, committed 5120K, reserved 1114112K
  class space    used 597K, committed 704K, reserved 1048576K
}
Event: 0.290 GC heap before
{Heap before GC invocations=2 (full 0):
 garbage-first heap   total 8192K, used 3027K [0x0000000082c00000, 0x0000000100000000)
  region size 1024K, 2 young (2048K), 1 survivors (1024K)
 Metaspace       used 6448K, committed 6656K, reserved 1114112K
  class space    used 756K, committed 832K, reserved 1048576K
}
Event: 0.291 GC heap after
{Heap after GC invocations=3 (full 0):
 garbage-first heap   total 8192K, used 2395K [0x0000000082c00000, 0x0000000100000000)
  region size 1024K, 1 young (1024K), 1 survivors (1024K)
 Metaspace       used 6448K, committed 6656K, reserved 1114112K
  class space    used 756K, committed 832K, reserved 1048576K
}
Event: 0.348 GC heap before
{Heap before GC invocations=3 (full 0):
 garbage-first heap   total 8192K, used 3419K [0x0000000082c00000, 0x0000000100000000)
  region size 1024K, 2 young (2048K), 1 survivors (1024K)
 Metaspace       used 7700K, committed 7872K, reserved 1114112K
  class space    used 880K, committed 960K, reserved 1048576K
}
Event: 0.349 GC heap after
{Heap after GC invocations=4 (full 0):
 garbage-first heap   total 8192K, used 2625K [0x0000000082c00000, 0x0000000100000000)
  region size 1024K, 1 young (1024K), 1 survivors (1024K)
 Metaspace       used 7700K, committed 7872K, reserved 1114112K
  class space    used 880K, committed 960K, reserved 1048576K
}
Event: 0.372 GC heap before
{Heap before GC invocations=4 (full 0):
 garbage-first heap   total 8192K, used 3649K [0x0000000082c00000, 0x0000000100000000)
  region size 1024K, 2 young (2048K), 1 survivors (1024K)
 Metaspace       used 7922K, committed 8128K, reserved 1114112K
  class space    used 904K, committed 1024K, reserved 1048576K
}
Event: 0.374 GC heap after
{Heap after GC invocations=5 (full 0):
 garbage-first heap   total 10240K, used 2949K [0x0000000082c00000, 0x0000000100000000)
  region size 1024K, 1 young (1024K), 1 survivors (1024K)
 Metaspace       used 7922K, committed 8128K, reserved 1114112K
  class space    used 904K, committed 1024K, reserved 1048576K
}
Event: 0.402 GC heap before
{Heap before GC invocations=5 (full 0):
 garbage-first heap   total 10240K, used 4997K [0x0000000082c00000, 0x0000000100000000)
  region size 1024K, 3 young (3072K), 1 survivors (1024K)
 Metaspace       used 8127K, committed 8320K, reserved 1114112K
  class space    used 931K, committed 1024K, reserved 1048576K
}
Event: 0.405 GC heap after
{Heap after GC invocations=6 (full 0):
 garbage-first heap   total 10240K, used 3519K [0x0000000082c00000, 0x0000000100000000)
  region size 1024K, 1 young (1024K), 1 survivors (1024K)
 Metaspace       used 8127K, committed 8320K, reserved 1114112K
  class space    used 931K, committed 1024K, reserved 1048576K
}
Event: 0.432 GC heap before
{Heap before GC invocations=6 (full 0):
 garbage-first heap   total 10240K, used 5567K [0x0000000082c00000, 0x0000000100000000)
  region size 1024K, 3 young (3072K), 1 survivors (1024K)
 Metaspace       used 8261K, committed 8512K, reserved 1114112K
  class space    used 944K, committed 1088K, reserved 1048576K
}
Event: 0.434 GC heap after
{Heap after GC invocations=7 (full 0):
 garbage-first heap   total 10240K, used 3762K [0x0000000082c00000, 0x0000000100000000)
  region size 1024K, 1 young (1024K), 1 survivors (1024K)
 Metaspace       used 8261K, committed 8512K, reserved 1114112K
  class space    used 944K, committed 1088K, reserved 1048576K
}
Event: 0.438 GC heap before
{Heap before GC invocations=7 (full 0):
 garbage-first heap   total 10240K, used 4786K [0x0000000082c00000, 0x0000000100000000)
  region size 1024K, 2 young (2048K), 1 survivors (1024K)
 Metaspace       used 8269K, committed 8512K, reserved 1114112K
  class space    used 944K, committed 1088K, reserved 1048576K
}
Event: 0.439 GC heap after
{Heap after GC invocations=8 (full 0):
 garbage-first heap   total 10240K, used 4000K [0x0000000082c00000, 0x0000000100000000)
  region size 1024K, 1 young (1024K), 1 survivors (1024K)
 Metaspace       used 8269K, committed 8512K, reserved 1114112K
  class space    used 944K, committed 1088K, reserved 1048576K
}
Event: 0.441 GC heap before
{Heap before GC invocations=8 (full 0):
 garbage-first heap   total 10240K, used 5024K [0x0000000082c00000, 0x0000000100000000)
  region size 1024K, 2 young (2048K), 1 survivors (1024K)
 Metaspace       used 8275K, committed 8512K, reserved 1114112K
  class space    used 944K, committed 1088K, reserved 1048576K
}

